<?xml version="1.0" encoding="UTF-8"?>
<!-- Generated by org.testng.reporters.JUnitReportReporter -->
<testsuite hostname="Bhargavs-MacBook-Pro.local" name="pkgOne.Basic3" tests="2" failures="0" timestamp="5 Mar 2020 11:43:27 GMT" time="0.002" errors="0">
  <testcase name="test2method2" time="0.001" classname="pkgOne.Basic3"/>
  <testcase name="test2method1" time="0.001" classname="pkgOne.Basic3"/>
</testsuite> <!-- pkgOne.Basic3 -->
