<?xml version="1.0" encoding="UTF-8"?>
<!-- Generated by org.testng.reporters.JUnitReportReporter -->
<testsuite hostname="Bhargavs-MacBook-Pro.local" name="pkgOne.Basic2" tests="2" failures="0" timestamp="5 Mar 2020 11:43:17 GMT" time="0.005" errors="0">
  <testcase name="method3" time="0.003" classname="pkgOne.Basic2"/>
  <testcase name="method4" time="0.002" classname="pkgOne.Basic2"/>
</testsuite> <!-- pkgOne.Basic2 -->
