<?xml version="1.0" encoding="UTF-8"?>
<!-- Generated by org.testng.reporters.JUnitReportReporter -->
<testsuite hostname="Bhargavs-MacBook-Pro.local" name="pkgOne.Basic" tests="2" failures="0" timestamp="5 Mar 2020 11:43:22 GMT" time="0.011" errors="0">
  <testcase name="method2" time="0.001" classname="pkgOne.Basic"/>
  <testcase name="method1" time="0.010" classname="pkgOne.Basic"/>
</testsuite> <!-- pkgOne.Basic -->
